0: output to qwalk_000_ct.var.o
7: cell volume 1430.02
7: elsu 6.48894
7: alpha 0.770542
8: cell volume 1430.02
8: elsu 6.48894
8: alpha 0.770542
cutoff 9.59706
12: cell volume 1430.02
12: elsu 6.48894
12: alpha 0.770542
9: cell volume 1430.02
9: elsu 6.48894
9: alpha 0.770542
15: cell volume 1430.02
15: elsu 6.48894
15: alpha 0.770542
1: cell volume 1430.02
1: elsu 6.48894
1: alpha 0.770542
2: cell volume 1430.02
2: elsu 6.48894
2: alpha 0.770542
3: cell volume 1430.02
3: elsu 6.48894
3: alpha 0.770542
4: cell volume 1430.02
4: elsu 6.48894
4: alpha 0.770542
10: cell volume 1430.02
10: elsu 6.48894
10: alpha 0.770542
11: cell volume 1430.02
11: elsu 6.48894
11: alpha 0.770542
 total centers 271
0: cell volume 1430.02
**Warning** atom 4 is out of the simulation cell.  Putting it inside.
**Warning** atom 5 is out of the simulation cell.  Putting it inside.
**Warning** atom 6 is out of the simulation cell.  Putting it inside.
**Warning** atom 8 is out of the simulation cell.  Putting it inside.
**Warning** atom 10 is out of the simulation cell.  Putting it inside.
**Warning** atom 12 is out of the simulation cell.  Putting it inside.
**Warning** atom 13 is out of the simulation cell.  Putting it inside.
0: elsu 6.48894
0: alpha 0.770542
13: cell volume 1430.02
13: elsu 6.48894
13: alpha 0.770542
14: cell volume 1430.02
14: elsu 6.48894
14: alpha 0.770542
5: cell volume 1430.02
5: elsu 6.48894
5: alpha 0.770542
6: cell volume 1430.02
6: elsu 6.48894
6: alpha 0.770542
10: real space ion-ion 0.0258213
Ewald sum using 2491 reciprocal points
10: reciprocal space ion 377.807
12: real space ion-ion 0.0258213
0: real space ion-ion 0.0258213
1: real space ion-ion 0.0258213
2: real space ion-ion 0.0258213
1: reciprocal space ion 377.807
8: real space ion-ion 0.0258213
11: real space ion-ion 0.0258213
12: reciprocal space ion 377.807
0: reciprocal space ion 377.807
10: wfdata allocate
3: real space ion-ion 0.0258213
14: real space ion-ion 0.0258213
2: reciprocal space ion 377.807
6: real space ion-ion 0.0258213
11: reciprocal space ion 377.807
13: real space ion-ion 0.0258213
8: reciprocal space ion 377.807
14: reciprocal space ion 377.807
3: reciprocal space ion 377.807
1: wfdata allocate
0: wfdata allocate
4: real space ion-ion 0.0258213
9: real space ion-ion 0.0258213
12: wfdata allocate
13: reciprocal space ion 377.807
6: reciprocal space ion 377.807
7: real space ion-ion 0.0258213
2: wfdata allocate
11: wfdata allocate
9: reciprocal space ion 377.807
8: wfdata allocate
4: reciprocal space ion 377.807
15: real space ion-ion 0.0258213
14: wfdata allocate
3: wfdata allocate
7: reciprocal space ion 377.807
6: wfdata allocate
13: wfdata allocate
15: reciprocal space ion 377.807
4: wfdata allocate
9: wfdata allocate
7: wfdata allocate
15: wfdata allocate
5: real space ion-ion 0.0258213
5: reciprocal space ion 377.807
5: wfdata allocate
8: Timestep is 0.7487499999999998
5: Timestep is 0.7487499999999998
7: Timestep is 0.7487499999999998
11: Timestep is 0.7487499999999998
4: Timestep is 0.7487499999999998
10: Timestep is 0.7487499999999998
13: Timestep is 0.7487499999999998
15: Timestep is 0.7487499999999998
14: Timestep is 0.7487499999999998
9: Timestep is 0.7487499999999998
1: Timestep is 0.7487499999999998
0: Timestep is 0.7487499999999998
3: Timestep is 0.7487499999999998
12: Timestep is 0.7487499999999998
6: Timestep is 0.7487499999999998
2: Timestep is 0.7487499999999998
Setting step size to 0.0184

Setting step size to 0.0184

Setting step size to 0.0184

Setting step size to 0.0184

Setting step size to 0.0184

Setting step size to 0.0184

Setting step size to 0.0184

Setting step size to 0.0184

Setting step size to 0.0184

Setting step size to 0.0184

Setting step size to 0.0184

Setting step size to 0.0184

Setting step size to 0.0184

Setting step size to 0.0184

Setting step size to 0.0184

Setting step size to 0.0184

Setting step size to 0.0174

Setting step size to 0.0174

Setting step size to 0.0174

Setting step size to 0.0174

Setting step size to 0.0174

Setting step size to 0.0174

Setting step size to 0.0174

Setting step size to 0.0174

Setting step size to 0.0174

Setting step size to 0.0174

Setting step size to 0.0174

Setting step size to 0.0174

Setting step size to 0.0174

Setting step size to 0.0174

Setting step size to 0.0174

Setting step size to 0.0174

Setting step size to 0.0163

Setting step size to 0.0163

Setting step size to 0.0163

Setting step size to 0.0163

Setting step size to 0.0163

Setting step size to 0.0163

Setting step size to 0.0163

Setting step size to 0.0163

Setting step size to 0.0163

Setting step size to 0.0163

Setting step size to 0.0163

Setting step size to 0.0163

Setting step size to 0.0163

Setting step size to 0.0163

Setting step size to 0.0163

Setting step size to 0.0163

Setting step size to 0.00987

Setting step size to 0.00987

Setting step size to 0.00987

Setting step size to 0.00987

Setting step size to 0.00987

Setting step size to 0.00987

Setting step size to 0.00987

Setting step size to 0.00987

Setting step size to 0.00987

Setting step size to 0.00987

Setting step size to 0.00987

Setting step size to 0.00987

Setting step size to 0.00987

Setting step size to 0.00987

Setting step size to 0.00987

Setting step size to 0.00987

Setting step size to 0.00755

Setting step size to 0.00755

Setting step size to 0.00755

Setting step size to 0.00755

Setting step size to 0.00755

Setting step size to 0.00755

Setting step size to 0.00755

Setting step size to 0.00755

Setting step size to 0.00755

Setting step size to 0.00755

Setting step size to 0.00755

Setting step size to 0.00755

Setting step size to 0.00755

Setting step size to 0.00755

Setting step size to 0.00755

Setting step size to 0.00755

Setting step size to 0.00148

Setting step size to 0.00148

Setting step size to 0.00148

Setting step size to 0.00148

Setting step size to 0.00148

Setting step size to 0.00148

Setting step size to 0.00148

Setting step size to 0.00148

Setting step size to 0.00148

Setting step size to 0.00148

Setting step size to 0.00148

Setting step size to 0.00148

Setting step size to 0.00148

Setting step size to 0.00148

Setting step size to 0.00148

Setting step size to 0.00148

Setting step size to  0.037

Setting step size to  0.037

Setting step size to  0.037

Setting step size to  0.037

Setting step size to  0.037

Setting step size to  0.037

Setting step size to  0.037

Setting step size to  0.037

Setting step size to  0.037

Setting step size to  0.037

Setting step size to  0.037

Setting step size to  0.037

Setting step size to  0.037

Setting step size to  0.037

Setting step size to  0.037

Setting step size to  0.037

Setting step size to 0.00911

Setting step size to 0.00911

Setting step size to 0.00911

Setting step size to 0.00911

Setting step size to 0.00911

Setting step size to 0.00911

Setting step size to 0.00911

Setting step size to 0.00911

Setting step size to 0.00911

Setting step size to 0.00911

Setting step size to 0.00911

Setting step size to 0.00911

Setting step size to 0.00911

Setting step size to 0.00911

Setting step size to 0.00911

Setting step size to 0.00911

Setting step size to 0.00342

Setting step size to 0.00342

Setting step size to 0.00342

Setting step size to 0.00342

Setting step size to 0.00342

Setting step size to 0.00342

Setting step size to 0.00342

Setting step size to 0.00342

Setting step size to 0.00342

Setting step size to 0.00342

Setting step size to 0.00342

Setting step size to 0.00342

Setting step size to 0.00342

Setting step size to 0.00342

Setting step size to 0.00342

Setting step size to 0.00342

Setting step size to   0.02

Setting step size to   0.02

Setting step size to   0.02

Setting step size to   0.02

Setting step size to   0.02

Setting step size to   0.02

Setting step size to   0.02

Setting step size to   0.02

Setting step size to   0.02

Setting step size to   0.02

Setting step size to   0.02

Setting step size to   0.02

Setting step size to   0.02

Setting step size to   0.02

Setting step size to   0.02

Setting step size to   0.02

Reached iteration limit in macopt; continuing.
Reached iteration limit in macopt; continuing.
Reached iteration limit in macopt; continuing.
Reached iteration limit in macopt; continuing.
Reached iteration limit in macopt; continuing.
Reached iteration limit in macopt; continuing.
Reached iteration limit in macopt; continuing.
Reached iteration limit in macopt; continuing.
Reached iteration limit in macopt; continuing.
Reached iteration limit in macopt; continuing.
Reached iteration limit in macopt; continuing.
Reached iteration limit in macopt; continuing.
Reached iteration limit in macopt; continuing.
Reached iteration limit in macopt; continuing.
Reached iteration limit in macopt; continuing.
Reached iteration limit in macopt; continuing.
10: cell volume 1430.017603346347
10: elsu 6.48894159866
10: alpha 0.7705416860328232
7: cell volume 1430.017603346347
7: elsu 6.48894159866
7: alpha 0.7705416860328232
9: cell volume 1430.017603346347
9: elsu 6.48894159866
9: alpha 0.7705416860328232
cutoff 9.597056622908216
 total centers 271
0: cell volume 1430.017603346347
**Warning** atom 4 is out of the simulation cell.  Putting it inside.
**Warning** atom 5 is out of the simulation cell.  Putting it inside.
**Warning** atom 6 is out of the simulation cell.  Putting it inside.
**Warning** atom 8 is out of the simulation cell.  Putting it inside.
**Warning** atom 10 is out of the simulation cell.  Putting it inside.
**Warning** atom 12 is out of the simulation cell.  Putting it inside.
**Warning** atom 13 is out of the simulation cell.  Putting it inside.
0: elsu 6.48894159866
0: alpha 0.7705416860328232
15: cell volume 1430.017603346347
15: elsu 6.48894159866
15: alpha 0.7705416860328232
12: cell volume 1430.017603346347
12: elsu 6.48894159866
12: alpha 0.7705416860328232
6: cell volume 1430.017603346347
6: elsu 6.48894159866
6: alpha 0.7705416860328232
2: cell volume 1430.017603346347
2: elsu 6.48894159866
2: alpha 0.7705416860328232
3: cell volume 1430.017603346347
3: elsu 6.48894159866
3: alpha 0.7705416860328232
13: cell volume 1430.017603346347
13: elsu 6.48894159866
13: alpha 0.7705416860328232
1: cell volume 1430.017603346347
1: elsu 6.48894159866
1: alpha 0.7705416860328232
8: cell volume 1430.017603346347
8: elsu 6.48894159866
8: alpha 0.7705416860328232
11: cell volume 1430.017603346347
11: elsu 6.48894159866
11: alpha 0.7705416860328232
4: cell volume 1430.017603346347
4: elsu 6.48894159866
4: alpha 0.7705416860328232
14: cell volume 1430.017603346347
14: elsu 6.48894159866
14: alpha 0.7705416860328232
5: cell volume 1430.017603346347
5: elsu 6.48894159866
5: alpha 0.7705416860328232
14: real space ion-ion 0.02582126279410084
14: reciprocal space ion 377.8070563016742
15: real space ion-ion 0.02582126279410084
14: wfdata allocate
10: real space ion-ion 0.02582126279410084
15: reciprocal space ion 377.8070563016742
3: real space ion-ion 0.02582126279410084
13: real space ion-ion 0.02582126279410084
10: reciprocal space ion 377.8070563016742
9: real space ion-ion 0.02582126279410084
15: wfdata allocate
8: real space ion-ion 0.02582126279410084
13: reciprocal space ion 377.8070563016742
3: reciprocal space ion 377.8070563016742
2: real space ion-ion 0.02582126279410084
1: real space ion-ion 0.02582126279410084
10: wfdata allocate
8: reciprocal space ion 377.8070563016742
9: reciprocal space ion 377.8070563016742
12: real space ion-ion 0.02582126279410084
1: reciprocal space ion 377.8070563016742
3: wfdata allocate
13: wfdata allocate
2: reciprocal space ion 377.8070563016742
12: reciprocal space ion 377.8070563016742
9: wfdata allocate
6: real space ion-ion 0.02582126279410084
8: wfdata allocate
2: wfdata allocate
1: wfdata allocate
6: reciprocal space ion 377.8070563016742
11: real space ion-ion 0.02582126279410084
12: wfdata allocate
11: reciprocal space ion 377.8070563016742
4: real space ion-ion 0.02582126279410084
5: real space ion-ion 0.02582126279410084
6: wfdata allocate
5: reciprocal space ion 377.8070563016742
4: reciprocal space ion 377.8070563016742
11: wfdata allocate
4: wfdata allocate
5: wfdata allocate
7: real space ion-ion 0.02582126279410084
Ewald sum using 2491 reciprocal points
7: reciprocal space ion 377.8070563016742
0: real space ion-ion 0.02582126279410084
0: reciprocal space ion 377.8070563016742
7: wfdata allocate
0: wfdata allocate
14: Timestep is 0.7524999999999997
5: Timestep is 0.7524999999999997
8: Timestep is 0.7524999999999997
7: Timestep is 0.7524999999999997
10: Timestep is 0.7524999999999997
12: Timestep is 0.7524999999999997
9: Timestep is 0.7524999999999997
2: Timestep is 0.7524999999999997
1: Timestep is 0.7524999999999997
3: Timestep is 0.7524999999999997
13: Timestep is 0.7524999999999997
15: Timestep is 0.7524999999999997
6: Timestep is 0.7524999999999997
11: Timestep is 0.7524999999999997
4: Timestep is 0.7524999999999997
0: Timestep is 0.7524999999999997
Setting step size to 0.0028

Setting step size to 0.0028

Setting step size to 0.0028

Setting step size to 0.0028

Setting step size to 0.0028

Setting step size to 0.0028

Setting step size to 0.0028

Setting step size to 0.0028

Setting step size to 0.0028

Setting step size to 0.0028

Setting step size to 0.0028

Setting step size to 0.0028

Setting step size to 0.0028

Setting step size to 0.0028

Setting step size to 0.0028

Setting step size to 0.0028

Setting step size to 0.00279

Setting step size to 0.00279

Setting step size to 0.00279

Setting step size to 0.00279

Setting step size to 0.00279

Setting step size to 0.00279

Setting step size to 0.00279

Setting step size to 0.00279

Setting step size to 0.00279

Setting step size to 0.00279

Setting step size to 0.00279

Setting step size to 0.00279

Setting step size to 0.00279

Setting step size to 0.00279

Setting step size to 0.00279

Setting step size to 0.00279

Setting step size to  0.014

Setting step size to  0.014

Setting step size to  0.014

Setting step size to  0.014

Setting step size to  0.014

Setting step size to  0.014

Setting step size to  0.014

Setting step size to  0.014

Setting step size to  0.014

Setting step size to  0.014

Setting step size to  0.014

Setting step size to  0.014

Setting step size to  0.014

Setting step size to  0.014

Setting step size to  0.014

Setting step size to  0.014

Setting step size to 0.000638

Setting step size to 0.000638

Setting step size to 0.000638

Setting step size to 0.000638

Setting step size to 0.000638

Setting step size to 0.000638

Setting step size to 0.000638

Setting step size to 0.000638

Setting step size to 0.000638

Setting step size to 0.000638

Setting step size to 0.000638

Setting step size to 0.000638

Setting step size to 0.000638

Setting step size to 0.000638

Setting step size to 0.000638

Setting step size to 0.000638

Setting step size to 0.0233

Setting step size to 0.0233

Setting step size to 0.0233

Setting step size to 0.0233

Setting step size to 0.0233

Setting step size to 0.0233

Setting step size to 0.0233

Setting step size to 0.0233

Setting step size to 0.0233

Setting step size to 0.0233

Setting step size to 0.0233

Setting step size to 0.0233

Setting step size to 0.0233

Setting step size to 0.0233

Setting step size to 0.0233

Setting step size to 0.0233

Setting step size to 0.00361

Setting step size to 0.00361

Setting step size to 0.00361

Setting step size to 0.00361

Setting step size to 0.00361

Setting step size to 0.00361

Setting step size to 0.00361

Setting step size to 0.00361

Setting step size to 0.00361

Setting step size to 0.00361

Setting step size to 0.00361

Setting step size to 0.00361

Setting step size to 0.00361

Setting step size to 0.00361

Setting step size to 0.00361

Setting step size to 0.00361

Setting step size to 0.000753

Setting step size to 0.000753

Setting step size to 0.000753

Setting step size to 0.000753

Setting step size to 0.000753

Setting step size to 0.000753

Setting step size to 0.000753

Setting step size to 0.000753

Setting step size to 0.000753

Setting step size to 0.000753

Setting step size to 0.000753

Setting step size to 0.000753

Setting step size to 0.000753

Setting step size to 0.000753

Setting step size to 0.000753

Setting step size to 0.000753

Setting step size to   0.03

Setting step size to   0.03

Setting step size to   0.03

Setting step size to   0.03

Setting step size to   0.03

Setting step size to   0.03

Setting step size to   0.03

Setting step size to   0.03

Setting step size to   0.03

Setting step size to   0.03

Setting step size to   0.03

Setting step size to   0.03

Setting step size to   0.03

Setting step size to   0.03

Setting step size to   0.03

Setting step size to   0.03

Setting step size to 0.0036

Setting step size to 0.0036

Setting step size to 0.0036

Setting step size to 0.0036

Setting step size to 0.0036

Setting step size to 0.0036

Setting step size to 0.0036

Setting step size to 0.0036

Setting step size to 0.0036

Setting step size to 0.0036

Setting step size to 0.0036

Setting step size to 0.0036

Setting step size to 0.0036

Setting step size to 0.0036

Setting step size to 0.0036

Setting step size to 0.0036

Setting step size to 0.00181

Setting step size to 0.00181

Setting step size to 0.00181

Setting step size to 0.00181

Setting step size to 0.00181

Setting step size to 0.00181

Setting step size to 0.00181

Setting step size to 0.00181

Setting step size to 0.00181

Setting step size to 0.00181

Setting step size to 0.00181

Setting step size to 0.00181

Setting step size to 0.00181

Setting step size to 0.00181

Setting step size to 0.00181

Setting step size to 0.00181

Reached iteration limit in macopt; continuing.
Reached iteration limit in macopt; continuing.
Reached iteration limit in macopt; continuing.
Reached iteration limit in macopt; continuing.
Reached iteration limit in macopt; continuing.
Reached iteration limit in macopt; continuing.
Reached iteration limit in macopt; continuing.
Reached iteration limit in macopt; continuing.
Reached iteration limit in macopt; continuing.
Reached iteration limit in macopt; continuing.
Reached iteration limit in macopt; continuing.
Reached iteration limit in macopt; continuing.
Reached iteration limit in macopt; continuing.
Reached iteration limit in macopt; continuing.
Reached iteration limit in macopt; continuing.
Reached iteration limit in macopt; continuing.
cutoff 9.597056622908216
 total centers 271
0: cell volume 1430.017603346347
**Warning** atom 4 is out of the simulation cell.  Putting it inside.
**Warning** atom 5 is out of the simulation cell.  Putting it inside.
**Warning** atom 6 is out of the simulation cell.  Putting it inside.
**Warning** atom 8 is out of the simulation cell.  Putting it inside.
**Warning** atom 10 is out of the simulation cell.  Putting it inside.
**Warning** atom 12 is out of the simulation cell.  Putting it inside.
**Warning** atom 13 is out of the simulation cell.  Putting it inside.
0: elsu 6.48894159866
0: alpha 0.7705416860328232
4: cell volume 1430.017603346347
4: elsu 6.48894159866
4: alpha 0.7705416860328232
10: cell volume 1430.017603346347
10: elsu 6.48894159866
10: alpha 0.7705416860328232
11: cell volume 1430.017603346347
11: elsu 6.48894159866
11: alpha 0.7705416860328232
1: cell volume 1430.017603346347
1: elsu 6.48894159866
1: alpha 0.7705416860328232
12: cell volume 1430.017603346347
12: elsu 6.48894159866
12: alpha 0.7705416860328232
15: cell volume 1430.017603346347
15: elsu 6.48894159866
15: alpha 0.7705416860328232
13: cell volume 1430.017603346347
13: elsu 6.48894159866
13: alpha 0.7705416860328232
6: cell volume 1430.017603346347
6: elsu 6.48894159866
6: alpha 0.7705416860328232
2: cell volume 1430.017603346347
2: elsu 6.48894159866
2: alpha 0.7705416860328232
3: cell volume 1430.017603346347
3: elsu 6.48894159866
3: alpha 0.7705416860328232
14: cell volume 1430.017603346347
14: elsu 6.48894159866
14: alpha 0.7705416860328232
9: cell volume 1430.017603346347
9: elsu 6.48894159866
9: alpha 0.7705416860328232
5: cell volume 1430.017603346347
5: elsu 6.48894159866
5: alpha 0.7705416860328232
8: cell volume 1430.017603346347
8: elsu 6.48894159866
8: alpha 0.7705416860328232
7: cell volume 1430.017603346347
7: elsu 6.48894159866
7: alpha 0.7705416860328232
14: real space ion-ion 0.02582126279410084
14: reciprocal space ion 377.8070563016742
14: wfdata allocate
7: real space ion-ion 0.02582126279410084
12: real space ion-ion 0.02582126279410084
Ewald sum using 2491 reciprocal points
0: real space ion-ion 0.02582126279410084
7: reciprocal space ion 377.8070563016742
12: reciprocal space ion 377.8070563016742
10: real space ion-ion 0.02582126279410084
0: reciprocal space ion 377.8070563016742
9: real space ion-ion 0.02582126279410084
15: real space ion-ion 0.02582126279410084
7: wfdata allocate
10: reciprocal space ion 377.8070563016742
2: real space ion-ion 0.02582126279410084
9: reciprocal space ion 377.8070563016742
15: reciprocal space ion 377.8070563016742
0: wfdata allocate
12: wfdata allocate
1: real space ion-ion 0.02582126279410084
5: real space ion-ion 0.02582126279410084
11: real space ion-ion 0.02582126279410084
2: reciprocal space ion 377.8070563016742
10: wfdata allocate
9: wfdata allocate
5: reciprocal space ion 377.8070563016742
1: reciprocal space ion 377.8070563016742
8: real space ion-ion 0.02582126279410084
15: wfdata allocate
11: reciprocal space ion 377.8070563016742
2: wfdata allocate
8: reciprocal space ion 377.8070563016742
1: wfdata allocate
5: wfdata allocate
11: wfdata allocate
8: wfdata allocate
4: real space ion-ion 0.02582126279410084
13: real space ion-ion 0.02582126279410084
4: reciprocal space ion 377.8070563016742
13: reciprocal space ion 377.8070563016742
6: real space ion-ion 0.02582126279410084
4: wfdata allocate
13: wfdata allocate
6: reciprocal space ion 377.8070563016742
6: wfdata allocate
3: real space ion-ion 0.02582126279410084
3: reciprocal space ion 377.8070563016742
3: wfdata allocate
14: Timestep is 0.7662499999999999
2: Timestep is 0.7662499999999999
1: Timestep is 0.7662499999999999
11: Timestep is 0.7662499999999999
3: Timestep is 0.7662499999999999
10: Timestep is 0.7662499999999999
8: Timestep is 0.7662499999999999
0: Timestep is 0.7662499999999999
9: Timestep is 0.7662499999999999
12: Timestep is 0.7662499999999999
7: Timestep is 0.7662499999999999
15: Timestep is 0.7662499999999999
13: Timestep is 0.7662499999999999
4: Timestep is 0.7662499999999999
5: Timestep is 0.7662499999999999
6: Timestep is 0.7662499999999999
Setting step size to 0.00197

Setting step size to 0.00197

Setting step size to 0.00197

Setting step size to 0.00197

Setting step size to 0.00197

Setting step size to 0.00197

Setting step size to 0.00197

Setting step size to 0.00197

Setting step size to 0.00197

Setting step size to 0.00197

Setting step size to 0.00197

Setting step size to 0.00197

Setting step size to 0.00197

Setting step size to 0.00197

Setting step size to 0.00197

Setting step size to 0.00197

Setting step size to 0.00253

Setting step size to 0.00253

Setting step size to 0.00253

Setting step size to 0.00253

Setting step size to 0.00253

Setting step size to 0.00253

Setting step size to 0.00253

Setting step size to 0.00253

Setting step size to 0.00253

Setting step size to 0.00253

Setting step size to 0.00253

Setting step size to 0.00253

Setting step size to 0.00253

Setting step size to 0.00253

Setting step size to 0.00253

Setting step size to 0.00253

Setting step size to 0.0106

Setting step size to 0.0106

Setting step size to 0.0106

Setting step size to 0.0106

Setting step size to 0.0106

Setting step size to 0.0106

Setting step size to 0.0106

Setting step size to 0.0106

Setting step size to 0.0106

Setting step size to 0.0106

Setting step size to 0.0106

Setting step size to 0.0106

Setting step size to 0.0106

Setting step size to 0.0106

Setting step size to 0.0106

Setting step size to 0.0106

Setting step size to 0.000412

Setting step size to 0.000412

Setting step size to 0.000412

Setting step size to 0.000412

Setting step size to 0.000412

Setting step size to 0.000412

Setting step size to 0.000412

Setting step size to 0.000412

Setting step size to 0.000412

Setting step size to 0.000412

Setting step size to 0.000412

Setting step size to 0.000412

Setting step size to 0.000412

Setting step size to 0.000412

Setting step size to 0.000412

Setting step size to 0.000412

Setting step size to 0.0108

Setting step size to 0.0108

Setting step size to 0.0108

Setting step size to 0.0108

Setting step size to 0.0108

Setting step size to 0.0108

Setting step size to 0.0108

Setting step size to 0.0108

Setting step size to 0.0108

Setting step size to 0.0108

Setting step size to 0.0108

Setting step size to 0.0108

Setting step size to 0.0108

Setting step size to 0.0108

Setting step size to 0.0108

Setting step size to 0.0108

Setting step size to 0.00905

Setting step size to 0.00905

Setting step size to 0.00905

Setting step size to 0.00905

Setting step size to 0.00905

Setting step size to 0.00905

Setting step size to 0.00905

Setting step size to 0.00905

Setting step size to 0.00905

Setting step size to 0.00905

Setting step size to 0.00905

Setting step size to 0.00905

Setting step size to 0.00905

Setting step size to 0.00905

Setting step size to 0.00905

Setting step size to 0.00905

Setting step size to 0.000833

Setting step size to 0.000833

Setting step size to 0.000833

Setting step size to 0.000833

Setting step size to 0.000833

Setting step size to 0.000833

Setting step size to 0.000833

Setting step size to 0.000833

Setting step size to 0.000833

Setting step size to 0.000833

Setting step size to 0.000833

Setting step size to 0.000833

Setting step size to 0.000833

Setting step size to 0.000833

Setting step size to 0.000833

Setting step size to 0.000833

Setting step size to 0.0195

Setting step size to 0.0195

Setting step size to 0.0195

Setting step size to 0.0195

Setting step size to 0.0195

Setting step size to 0.0195

Setting step size to 0.0195

Setting step size to 0.0195

Setting step size to 0.0195

Setting step size to 0.0195

Setting step size to 0.0195

Setting step size to 0.0195

Setting step size to 0.0195

Setting step size to 0.0195

Setting step size to 0.0195

Setting step size to 0.0195

Setting step size to 0.00275

Setting step size to 0.00275

Setting step size to 0.00275

Setting step size to 0.00275

Setting step size to 0.00275

Setting step size to 0.00275

Setting step size to 0.00275

Setting step size to 0.00275

Setting step size to 0.00275

Setting step size to 0.00275

Setting step size to 0.00275

Setting step size to 0.00275

Setting step size to 0.00275

Setting step size to 0.00275

Setting step size to 0.00275

Setting step size to 0.00275

Reached iteration limit in macopt; continuing.
Reached iteration limit in macopt; continuing.
Reached iteration limit in macopt; continuing.
Reached iteration limit in macopt; continuing.
Reached iteration limit in macopt; continuing.
Reached iteration limit in macopt; continuing.
Reached iteration limit in macopt; continuing.
Reached iteration limit in macopt; continuing.
Reached iteration limit in macopt; continuing.
Reached iteration limit in macopt; continuing.
Reached iteration limit in macopt; continuing.
Reached iteration limit in macopt; continuing.
Reached iteration limit in macopt; continuing.
Reached iteration limit in macopt; continuing.
Reached iteration limit in macopt; continuing.
Reached iteration limit in macopt; continuing.
Setting step size to 0.000853

Setting step size to 0.000853

Setting step size to 0.000853

Setting step size to 0.000853

Setting step size to 0.000853

Setting step size to 0.000853

Setting step size to 0.000853

Setting step size to 0.000853

Setting step size to 0.000853

Setting step size to 0.000853

Setting step size to 0.000853

Setting step size to 0.000853

Setting step size to 0.000853

Setting step size to 0.000853

Setting step size to 0.000853

Setting step size to 0.000853

cutoff 9.597056622908216
4: cell volume 1430.017603346347
4: elsu 6.48894159866
4: alpha 0.7705416860328232
12: cell volume 1430.017603346347
12: elsu 6.48894159866
12: alpha 0.7705416860328232
14: cell volume 1430.017603346347
14: elsu 6.48894159866
14: alpha 0.7705416860328232
11: cell volume 1430.017603346347
11: elsu 6.48894159866
11: alpha 0.7705416860328232
6: cell volume 1430.017603346347
6: elsu 6.48894159866
6: alpha 0.7705416860328232
10: cell volume 1430.017603346347
10: elsu 6.48894159866
10: alpha 0.7705416860328232
8: cell volume 1430.017603346347
8: elsu 6.48894159866
8: alpha 0.7705416860328232
1: cell volume 1430.017603346347
1: elsu 6.48894159866
1: alpha 0.7705416860328232
7: cell volume 1430.017603346347
7: elsu 6.48894159866
7: alpha 0.7705416860328232
13: cell volume 1430.017603346347
13: elsu 6.48894159866
13: alpha 0.7705416860328232
 total centers 271
0: cell volume 1430.017603346347
**Warning** atom 4 is out of the simulation cell.  Putting it inside.
**Warning** atom 5 is out of the simulation cell.  Putting it inside.
**Warning** atom 6 is out of the simulation cell.  Putting it inside.
**Warning** atom 8 is out of the simulation cell.  Putting it inside.
**Warning** atom 10 is out of the simulation cell.  Putting it inside.
**Warning** atom 12 is out of the simulation cell.  Putting it inside.
**Warning** atom 13 is out of the simulation cell.  Putting it inside.
0: elsu 6.48894159866
0: alpha 0.7705416860328232
9: cell volume 1430.017603346347
9: elsu 6.48894159866
9: alpha 0.7705416860328232
3: cell volume 1430.017603346347
3: elsu 6.48894159866
3: alpha 0.7705416860328232
2: cell volume 1430.017603346347
2: elsu 6.48894159866
2: alpha 0.7705416860328232
5: cell volume 1430.017603346347
5: elsu 6.48894159866
5: alpha 0.7705416860328232
15: cell volume 1430.017603346347
15: elsu 6.48894159866
15: alpha 0.7705416860328232
3: real space ion-ion 0.02582126279410084
9: real space ion-ion 0.02582126279410084
3: reciprocal space ion 377.8070563016742
15: real space ion-ion 0.02582126279410084
7: real space ion-ion 0.02582126279410084
9: reciprocal space ion 377.8070563016742
15: reciprocal space ion 377.8070563016742
13: real space ion-ion 0.02582126279410084
7: reciprocal space ion 377.8070563016742
3: wfdata allocate
10: real space ion-ion 0.02582126279410084
9: wfdata allocate
13: reciprocal space ion 377.8070563016742
5: real space ion-ion 0.02582126279410084
15: wfdata allocate
8: real space ion-ion 0.02582126279410084
10: reciprocal space ion 377.8070563016742
7: wfdata allocate
Ewald sum using 2491 reciprocal points
8: reciprocal space ion 377.8070563016742
0: real space ion-ion 0.02582126279410084
13: wfdata allocate
5: reciprocal space ion 377.8070563016742
14: real space ion-ion 0.02582126279410084
2: real space ion-ion 0.02582126279410084
10: wfdata allocate
14: reciprocal space ion 377.8070563016742
0: reciprocal space ion 377.8070563016742
2: reciprocal space ion 377.8070563016742
5: wfdata allocate
8: wfdata allocate
6: real space ion-ion 0.02582126279410084
0: wfdata allocate
14: wfdata allocate
6: reciprocal space ion 377.8070563016742
2: wfdata allocate
6: wfdata allocate
12: real space ion-ion 0.02582126279410084
12: reciprocal space ion 377.8070563016742
12: wfdata allocate
11: real space ion-ion 0.02582126279410084
11: reciprocal space ion 377.8070563016742
11: wfdata allocate
4: real space ion-ion 0.02582126279410084
4: reciprocal space ion 377.8070563016742
4: wfdata allocate
1: real space ion-ion 0.02582126279410084
1: reciprocal space ion 377.8070563016742
1: wfdata allocate
5: Timestep is 0.7262499999999998
1: Timestep is 0.7262499999999998
7: Timestep is 0.7262499999999998
9: Timestep is 0.7262499999999998
14: Timestep is 0.7262499999999998
10: Timestep is 0.7262499999999998
0: Timestep is 0.7262499999999998
13: Timestep is 0.7262499999999998
11: Timestep is 0.7262499999999998
6: Timestep is 0.7262499999999998
2: Timestep is 0.7262499999999998
12: Timestep is 0.7262499999999998
8: Timestep is 0.7262499999999998
3: Timestep is 0.7262499999999998
15: Timestep is 0.7262499999999998
4: Timestep is 0.7262499999999998
Setting step size to 0.000785

Setting step size to 0.000785

Setting step size to 0.000785

Setting step size to 0.000785

Setting step size to 0.000785

Setting step size to 0.000785

Setting step size to 0.000785

Setting step size to 0.000785

Setting step size to 0.000785

Setting step size to 0.000785

Setting step size to 0.000785

Setting step size to 0.000785

Setting step size to 0.000785

Setting step size to 0.000785

Setting step size to 0.000785

Setting step size to 0.000785

Setting step size to 0.00142

Setting step size to 0.00142

Setting step size to 0.00142

Setting step size to 0.00142

Setting step size to 0.00142

Setting step size to 0.00142

Setting step size to 0.00142

Setting step size to 0.00142

Setting step size to 0.00142

Setting step size to 0.00142

Setting step size to 0.00142

Setting step size to 0.00142

Setting step size to 0.00142

Setting step size to 0.00142

Setting step size to 0.00142

Setting step size to 0.00142

Setting step size to 0.00525

Setting step size to 0.00525

Setting step size to 0.00525

Setting step size to 0.00525

Setting step size to 0.00525

Setting step size to 0.00525

Setting step size to 0.00525

Setting step size to 0.00525

Setting step size to 0.00525

Setting step size to 0.00525

Setting step size to 0.00525

Setting step size to 0.00525

Setting step size to 0.00525

Setting step size to 0.00525

Setting step size to 0.00525

Setting step size to 0.00525

Setting step size to 0.0572

Setting step size to 0.0572

Setting step size to 0.0572

Setting step size to 0.0572

Setting step size to 0.0572

Setting step size to 0.0572

Setting step size to 0.0572

Setting step size to 0.0572

Setting step size to 0.0572

Setting step size to 0.0572

Setting step size to 0.0572

Setting step size to 0.0572

Setting step size to 0.0572

Setting step size to 0.0572

Setting step size to 0.0572

Setting step size to 0.0572

Setting step size to 0.000646

Setting step size to 0.000646

Setting step size to 0.000646

Setting step size to 0.000646

Setting step size to 0.000646

Setting step size to 0.000646

Setting step size to 0.000646

Setting step size to 0.000646

Setting step size to 0.000646

Setting step size to 0.000646

Setting step size to 0.000646

Setting step size to 0.000646

Setting step size to 0.000646

Setting step size to 0.000646

Setting step size to 0.000646

Setting step size to 0.000646

Setting step size to 0.00196

Setting step size to 0.00196

Setting step size to 0.00196

Setting step size to 0.00196

Setting step size to 0.00196

Setting step size to 0.00196

Setting step size to 0.00196

Setting step size to 0.00196

Setting step size to 0.00196

Setting step size to 0.00196

Setting step size to 0.00196

Setting step size to 0.00196

Setting step size to 0.00196

Setting step size to 0.00196

Setting step size to 0.00196

Setting step size to 0.00196

Setting step size to 0.00546

Setting step size to 0.00546

Setting step size to 0.00546

Setting step size to 0.00546

Setting step size to 0.00546

Setting step size to 0.00546

Setting step size to 0.00546

Setting step size to 0.00546

Setting step size to 0.00546

Setting step size to 0.00546

Setting step size to 0.00546

Setting step size to 0.00546

Setting step size to 0.00546

Setting step size to 0.00546

Setting step size to 0.00546

Setting step size to 0.00546

Setting step size to 0.000414

Setting step size to 0.000414

Setting step size to 0.000414

Setting step size to 0.000414

Setting step size to 0.000414

Setting step size to 0.000414

Setting step size to 0.000414

Setting step size to 0.000414

Setting step size to 0.000414

Setting step size to 0.000414

Setting step size to 0.000414

Setting step size to 0.000414

Setting step size to 0.000414

Setting step size to 0.000414

Setting step size to 0.000414

Setting step size to 0.000414

Setting step size to 0.00892

Setting step size to 0.00892

Setting step size to 0.00892

Setting step size to 0.00892

Setting step size to 0.00892

Setting step size to 0.00892

Setting step size to 0.00892

Setting step size to 0.00892

Setting step size to 0.00892

Setting step size to 0.00892

Setting step size to 0.00892

Setting step size to 0.00892

Setting step size to 0.00892

Setting step size to 0.00892

Setting step size to 0.00892

Setting step size to 0.00892

Setting step size to 0.00135

Setting step size to 0.00135

Setting step size to 0.00135

Setting step size to 0.00135

Setting step size to 0.00135

Setting step size to 0.00135

Setting step size to 0.00135

Setting step size to 0.00135

Setting step size to 0.00135

Setting step size to 0.00135

Setting step size to 0.00135

Setting step size to 0.00135

Setting step size to 0.00135

Setting step size to 0.00135

Setting step size to 0.00135

Setting step size to 0.00135

Reached iteration limit in macopt; continuing.
Reached iteration limit in macopt; continuing.
Reached iteration limit in macopt; continuing.
Reached iteration limit in macopt; continuing.
Reached iteration limit in macopt; continuing.
Reached iteration limit in macopt; continuing.
Reached iteration limit in macopt; continuing.
Reached iteration limit in macopt; continuing.
Reached iteration limit in macopt; continuing.
Reached iteration limit in macopt; continuing.
Reached iteration limit in macopt; continuing.
Reached iteration limit in macopt; continuing.
Reached iteration limit in macopt; continuing.
Reached iteration limit in macopt; continuing.
Reached iteration limit in macopt; continuing.
Reached iteration limit in macopt; continuing.
