0: output to qwalk_000_ct.var.o
12: cell volume 1430.02
12: elsu 6.48894
12: alpha 0.770542
13: cell volume 1430.02
13: elsu 6.48894
13: alpha 0.770542
14: cell volume 1430.02
14: elsu 6.48894
14: alpha 0.770542
15: cell volume 1430.02
15: elsu 6.48894
15: alpha 0.770542
cutoff 9.59706
 total centers 271
0: cell volume 1430.02
**Warning** atom 4 is out of the simulation cell.  Putting it inside.
**Warning** atom 5 is out of the simulation cell.  Putting it inside.
**Warning** atom 6 is out of the simulation cell.  Putting it inside.
**Warning** atom 8 is out of the simulation cell.  Putting it inside.
**Warning** atom 10 is out of the simulation cell.  Putting it inside.
**Warning** atom 12 is out of the simulation cell.  Putting it inside.
**Warning** atom 13 is out of the simulation cell.  Putting it inside.
0: elsu 6.48894
0: alpha 0.770542
1: cell volume 1430.02
1: elsu 6.48894
1: alpha 0.770542
2: cell volume 1430.02
2: elsu 6.48894
2: alpha 0.770542
3: cell volume 1430.02
3: elsu 6.48894
3: alpha 0.770542
4: cell volume 1430.02
4: elsu 6.48894
4: alpha 0.770542
5: cell volume 1430.02
5: elsu 6.48894
5: alpha 0.770542
6: cell volume 1430.02
6: elsu 6.48894
6: alpha 0.770542
7: cell volume 1430.02
7: elsu 6.48894
7: alpha 0.770542
8: cell volume 1430.02
8: elsu 6.48894
8: alpha 0.770542
9: cell volume 1430.02
9: elsu 6.48894
9: alpha 0.770542
10: cell volume 1430.02
10: elsu 6.48894
10: alpha 0.770542
11: cell volume 1430.02
11: elsu 6.48894
11: alpha 0.770542
4: real space ion-ion 0.0258213
4: reciprocal space ion 377.807
9: real space ion-ion 0.0258213
7: real space ion-ion 0.0258213
13: real space ion-ion 0.0258213
9: reciprocal space ion 377.807
4: wfdata allocate
Ewald sum using 2491 reciprocal points
3: real space ion-ion 0.0258213
5: real space ion-ion 0.0258213
13: reciprocal space ion 377.807
7: reciprocal space ion 377.807
0: real space ion-ion 0.0258213
9: wfdata allocate
1: real space ion-ion 0.0258213
2: real space ion-ion 0.0258213
3: reciprocal space ion 377.807
6: real space ion-ion 0.0258213
5: reciprocal space ion 377.807
8: real space ion-ion 0.0258213
10: real space ion-ion 0.0258213
0: reciprocal space ion 377.807
1: reciprocal space ion 377.807
7: wfdata allocate
6: reciprocal space ion 377.807
10: reciprocal space ion 377.807
8: reciprocal space ion 377.807
13: wfdata allocate
2: reciprocal space ion 377.807
3: wfdata allocate
5: wfdata allocate
14: real space ion-ion 0.0258213
0: wfdata allocate
1: wfdata allocate
6: wfdata allocate
8: wfdata allocate
14: reciprocal space ion 377.807
10: wfdata allocate
2: wfdata allocate
14: wfdata allocate
12: real space ion-ion 0.0258213
15: real space ion-ion 0.0258213
12: reciprocal space ion 377.807
15: reciprocal space ion 377.807
12: wfdata allocate
11: real space ion-ion 0.0258213
15: wfdata allocate
11: reciprocal space ion 377.807
11: wfdata allocate
11: Timestep is 0.7749999999999998
4: Timestep is 0.7749999999999998
9: Timestep is 0.7749999999999998
8: Timestep is 0.7749999999999998
0: Timestep is 0.7749999999999998
12: Timestep is 0.7749999999999998
13: Timestep is 0.7749999999999998
10: Timestep is 0.7749999999999998
7: Timestep is 0.7749999999999998
3: Timestep is 0.7749999999999998
1: Timestep is 0.7749999999999998
2: Timestep is 0.7749999999999998
15: Timestep is 0.7749999999999998
14: Timestep is 0.7749999999999998
6: Timestep is 0.7749999999999998
5: Timestep is 0.7749999999999998
Setting step size to 0.0153

Setting step size to 0.0153

Setting step size to 0.0153

Setting step size to 0.0153

Setting step size to 0.0153

Setting step size to 0.0153

Setting step size to 0.0153

Setting step size to 0.0153

Setting step size to 0.0153

Setting step size to 0.0153

Setting step size to 0.0153

Setting step size to 0.0153

Setting step size to 0.0153

Setting step size to 0.0153

Setting step size to 0.0153

Setting step size to 0.0153

Setting step size to 0.0215

Setting step size to 0.0215

Setting step size to 0.0215

Setting step size to 0.0215

Setting step size to 0.0215

Setting step size to 0.0215

Setting step size to 0.0215

Setting step size to 0.0215

Setting step size to 0.0215

Setting step size to 0.0215

Setting step size to 0.0215

Setting step size to 0.0215

Setting step size to 0.0215

Setting step size to 0.0215

Setting step size to 0.0215

Setting step size to 0.0215

Setting step size to 0.0211

Setting step size to 0.0211

Setting step size to 0.0211

Setting step size to 0.0211

Setting step size to 0.0211

Setting step size to 0.0211

Setting step size to 0.0211

Setting step size to 0.0211

Setting step size to 0.0211

Setting step size to 0.0211

Setting step size to 0.0211

Setting step size to 0.0211

Setting step size to 0.0211

Setting step size to 0.0211

Setting step size to 0.0211

Setting step size to 0.0211

Setting step size to 0.00917

Setting step size to 0.00917

Setting step size to 0.00917

Setting step size to 0.00917

Setting step size to 0.00917

Setting step size to 0.00917

Setting step size to 0.00917

Setting step size to 0.00917

Setting step size to 0.00917

Setting step size to 0.00917

Setting step size to 0.00917

Setting step size to 0.00917

Setting step size to 0.00917

Setting step size to 0.00917

Setting step size to 0.00917

Setting step size to 0.00917

Setting step size to 0.00567

Setting step size to 0.00567

Setting step size to 0.00567

Setting step size to 0.00567

Setting step size to 0.00567

Setting step size to 0.00567

Setting step size to 0.00567

Setting step size to 0.00567

Setting step size to 0.00567

Setting step size to 0.00567

Setting step size to 0.00567

Setting step size to 0.00567

Setting step size to 0.00567

Setting step size to 0.00567

Setting step size to 0.00567

Setting step size to 0.00567

Setting step size to  0.134

Setting step size to  0.134

Setting step size to  0.134

Setting step size to  0.134

Setting step size to  0.134

Setting step size to  0.134

Setting step size to  0.134

Setting step size to  0.134

Setting step size to  0.134

Setting step size to  0.134

Setting step size to  0.134

Setting step size to  0.134

Setting step size to  0.134

Setting step size to  0.134

Setting step size to  0.134

Setting step size to  0.134

Setting step size to 0.00248

Setting step size to 0.00248

Setting step size to 0.00248

Setting step size to 0.00248

Setting step size to 0.00248

Setting step size to 0.00248

Setting step size to 0.00248

Setting step size to 0.00248

Setting step size to 0.00248

Setting step size to 0.00248

Setting step size to 0.00248

Setting step size to 0.00248

Setting step size to 0.00248

Setting step size to 0.00248

Setting step size to 0.00248

Setting step size to 0.00248

Setting step size to 0.0074

Setting step size to 0.0074

Setting step size to 0.0074

Setting step size to 0.0074

Setting step size to 0.0074

Setting step size to 0.0074

Setting step size to 0.0074

Setting step size to 0.0074

Setting step size to 0.0074

Setting step size to 0.0074

Setting step size to 0.0074

Setting step size to 0.0074

Setting step size to 0.0074

Setting step size to 0.0074

Setting step size to 0.0074

Setting step size to 0.0074

Setting step size to 0.0072

Setting step size to 0.0072

Setting step size to 0.0072

Setting step size to 0.0072

Setting step size to 0.0072

Setting step size to 0.0072

Setting step size to 0.0072

Setting step size to 0.0072

Setting step size to 0.0072

Setting step size to 0.0072

Setting step size to 0.0072

Setting step size to 0.0072

Setting step size to 0.0072

Setting step size to 0.0072

Setting step size to 0.0072

Setting step size to 0.0072

Setting step size to 0.0103

Setting step size to 0.0103

Setting step size to 0.0103

Setting step size to 0.0103

Setting step size to 0.0103

Setting step size to 0.0103

Setting step size to 0.0103

Setting step size to 0.0103

Setting step size to 0.0103

Setting step size to 0.0103

Setting step size to 0.0103

Setting step size to 0.0103

Setting step size to 0.0103

Setting step size to 0.0103

Setting step size to 0.0103

Setting step size to 0.0103

Reached iteration limit in macopt; continuing.
Reached iteration limit in macopt; continuing.
Reached iteration limit in macopt; continuing.
Reached iteration limit in macopt; continuing.
Reached iteration limit in macopt; continuing.
Reached iteration limit in macopt; continuing.
Reached iteration limit in macopt; continuing.
Reached iteration limit in macopt; continuing.
Reached iteration limit in macopt; continuing.
Reached iteration limit in macopt; continuing.
Reached iteration limit in macopt; continuing.
Reached iteration limit in macopt; continuing.
Reached iteration limit in macopt; continuing.
Reached iteration limit in macopt; continuing.
Reached iteration limit in macopt; continuing.
Reached iteration limit in macopt; continuing.
cutoff 9.597056622908216
12: cell volume 1430.017603346347
12: elsu 6.48894159866
12: alpha 0.7705416860328232
7: cell volume 1430.017603346347
7: elsu 6.48894159866
7: alpha 0.7705416860328232
11: cell volume 1430.017603346347
11: elsu 6.48894159866
11: alpha 0.7705416860328232
14: cell volume 1430.017603346347
14: elsu 6.48894159866
14: alpha 0.7705416860328232
15: cell volume 1430.017603346347
15: elsu 6.48894159866
15: alpha 0.7705416860328232
1: cell volume 1430.017603346347
1: elsu 6.48894159866
1: alpha 0.7705416860328232
10: cell volume 1430.017603346347
10: elsu 6.48894159866
10: alpha 0.7705416860328232
9: cell volume 1430.017603346347
9: elsu 6.48894159866
9: alpha 0.7705416860328232
5: cell volume 1430.017603346347
5: elsu 6.48894159866
5: alpha 0.7705416860328232
8: cell volume 1430.017603346347
8: elsu 6.48894159866
8: alpha 0.7705416860328232
6: cell volume 1430.017603346347
6: elsu 6.48894159866
6: alpha 0.7705416860328232
4: cell volume 1430.017603346347
4: elsu 6.48894159866
4: alpha 0.7705416860328232
2: cell volume 1430.017603346347
2: elsu 6.48894159866
2: alpha 0.7705416860328232
 total centers 271
0: cell volume 1430.017603346347
**Warning** atom 4 is out of the simulation cell.  Putting it inside.
**Warning** atom 5 is out of the simulation cell.  Putting it inside.
**Warning** atom 6 is out of the simulation cell.  Putting it inside.
**Warning** atom 8 is out of the simulation cell.  Putting it inside.
**Warning** atom 10 is out of the simulation cell.  Putting it inside.
**Warning** atom 12 is out of the simulation cell.  Putting it inside.
**Warning** atom 13 is out of the simulation cell.  Putting it inside.
0: elsu 6.48894159866
0: alpha 0.7705416860328232
3: cell volume 1430.017603346347
3: elsu 6.48894159866
3: alpha 0.7705416860328232
13: cell volume 1430.017603346347
13: elsu 6.48894159866
13: alpha 0.7705416860328232
14: real space ion-ion 0.02582126279410084
14: reciprocal space ion 377.8070563016742
7: real space ion-ion 0.02582126279410084
15: real space ion-ion 0.02582126279410084
15: reciprocal space ion 377.8070563016742
7: reciprocal space ion 377.8070563016742
6: real space ion-ion 0.02582126279410084
14: wfdata allocate
4: real space ion-ion 0.02582126279410084
6: reciprocal space ion 377.8070563016742
3: real space ion-ion 0.02582126279410084
8: real space ion-ion 0.02582126279410084
10: real space ion-ion 0.02582126279410084
7: wfdata allocate
15: wfdata allocate
8: reciprocal space ion 377.8070563016742
9: real space ion-ion 0.02582126279410084
3: reciprocal space ion 377.8070563016742
2: real space ion-ion 0.02582126279410084
4: reciprocal space ion 377.8070563016742
1: real space ion-ion 0.02582126279410084
10: reciprocal space ion 377.8070563016742
2: reciprocal space ion 377.8070563016742
6: wfdata allocate
9: reciprocal space ion 377.8070563016742
8: wfdata allocate
1: reciprocal space ion 377.8070563016742
3: wfdata allocate
4: wfdata allocate
10: wfdata allocate
9: wfdata allocate
5: real space ion-ion 0.02582126279410084
1: wfdata allocate
2: wfdata allocate
5: reciprocal space ion 377.8070563016742
5: wfdata allocate
13: real space ion-ion 0.02582126279410084
13: reciprocal space ion 377.8070563016742
13: wfdata allocate
12: real space ion-ion 0.02582126279410084
12: reciprocal space ion 377.8070563016742
11: real space ion-ion 0.02582126279410084
12: wfdata allocate
11: reciprocal space ion 377.8070563016742
11: wfdata allocate
Ewald sum using 2491 reciprocal points
0: real space ion-ion 0.02582126279410084
0: reciprocal space ion 377.8070563016742
0: wfdata allocate
14: Timestep is 0.7487499999999998
0: Timestep is 0.7487499999999998
11: Timestep is 0.7487499999999998
2: Timestep is 0.7487499999999998
13: Timestep is 0.7487499999999998
4: Timestep is 0.7487499999999998
12: Timestep is 0.7487499999999998
5: Timestep is 0.7487499999999998
7: Timestep is 0.7487499999999998
3: Timestep is 0.7487499999999998
1: Timestep is 0.7487499999999998
15: Timestep is 0.7487499999999998
10: Timestep is 0.7487499999999998
9: Timestep is 0.7487499999999998
6: Timestep is 0.7487499999999998
8: Timestep is 0.7487499999999998
Setting step size to 0.00334

Setting step size to 0.00334

Setting step size to 0.00334

Setting step size to 0.00334

Setting step size to 0.00334

Setting step size to 0.00334

Setting step size to 0.00334

Setting step size to 0.00334

Setting step size to 0.00334

Setting step size to 0.00334

Setting step size to 0.00334

Setting step size to 0.00334

Setting step size to 0.00334

Setting step size to 0.00334

Setting step size to 0.00334

Setting step size to 0.00334

Setting step size to 0.00311

Setting step size to 0.00311

Setting step size to 0.00311

Setting step size to 0.00311

Setting step size to 0.00311

Setting step size to 0.00311

Setting step size to 0.00311

Setting step size to 0.00311

Setting step size to 0.00311

Setting step size to 0.00311

Setting step size to 0.00311

Setting step size to 0.00311

Setting step size to 0.00311

Setting step size to 0.00311

Setting step size to 0.00311

Setting step size to 0.00311

Setting step size to 0.0263

Setting step size to 0.0263

Setting step size to 0.0263

Setting step size to 0.0263

Setting step size to 0.0263

Setting step size to 0.0263

Setting step size to 0.0263

Setting step size to 0.0263

Setting step size to 0.0263

Setting step size to 0.0263

Setting step size to 0.0263

Setting step size to 0.0263

Setting step size to 0.0263

Setting step size to 0.0263

Setting step size to 0.0263

Setting step size to 0.0263

Setting step size to 0.00263

Setting step size to 0.00263

Setting step size to 0.00263

Setting step size to 0.00263

Setting step size to 0.00263

Setting step size to 0.00263

Setting step size to 0.00263

Setting step size to 0.00263

Setting step size to 0.00263

Setting step size to 0.00263

Setting step size to 0.00263

Setting step size to 0.00263

Setting step size to 0.00263

Setting step size to 0.00263

Setting step size to 0.00263

Setting step size to 0.00263

Setting step size to 0.00979

Setting step size to 0.00979

Setting step size to 0.00979

Setting step size to 0.00979

Setting step size to 0.00979

Setting step size to 0.00979

Setting step size to 0.00979

Setting step size to 0.00979

Setting step size to 0.00979

Setting step size to 0.00979

Setting step size to 0.00979

Setting step size to 0.00979

Setting step size to 0.00979

Setting step size to 0.00979

Setting step size to 0.00979

Setting step size to 0.00979

Setting step size to 0.0158

Setting step size to 0.0158

Setting step size to 0.0158

Setting step size to 0.0158

Setting step size to 0.0158

Setting step size to 0.0158

Setting step size to 0.0158

Setting step size to 0.0158

Setting step size to 0.0158

Setting step size to 0.0158

Setting step size to 0.0158

Setting step size to 0.0158

Setting step size to 0.0158

Setting step size to 0.0158

Setting step size to 0.0158

Setting step size to 0.0158

Setting step size to 0.00195

Setting step size to 0.00195

Setting step size to 0.00195

Setting step size to 0.00195

Setting step size to 0.00195

Setting step size to 0.00195

Setting step size to 0.00195

Setting step size to 0.00195

Setting step size to 0.00195

Setting step size to 0.00195

Setting step size to 0.00195

Setting step size to 0.00195

Setting step size to 0.00195

Setting step size to 0.00195

Setting step size to 0.00195

Setting step size to 0.00195

Setting step size to 0.00444

Setting step size to 0.00444

Setting step size to 0.00444

Setting step size to 0.00444

Setting step size to 0.00444

Setting step size to 0.00444

Setting step size to 0.00444

Setting step size to 0.00444

Setting step size to 0.00444

Setting step size to 0.00444

Setting step size to 0.00444

Setting step size to 0.00444

Setting step size to 0.00444

Setting step size to 0.00444

Setting step size to 0.00444

Setting step size to 0.00444

Setting step size to 0.00189

Setting step size to 0.00189

Setting step size to 0.00189

Setting step size to 0.00189

Setting step size to 0.00189

Setting step size to 0.00189

Setting step size to 0.00189

Setting step size to 0.00189

Setting step size to 0.00189

Setting step size to 0.00189

Setting step size to 0.00189

Setting step size to 0.00189

Setting step size to 0.00189

Setting step size to 0.00189

Setting step size to 0.00189

Setting step size to 0.00189

Setting step size to 0.00222

Setting step size to 0.00222

Setting step size to 0.00222

Setting step size to 0.00222

Setting step size to 0.00222

Setting step size to 0.00222

Setting step size to 0.00222

Setting step size to 0.00222

Setting step size to 0.00222

Setting step size to 0.00222

Setting step size to 0.00222

Setting step size to 0.00222

Setting step size to 0.00222

Setting step size to 0.00222

Setting step size to 0.00222

Setting step size to 0.00222

Reached iteration limit in macopt; continuing.
Reached iteration limit in macopt; continuing.
Reached iteration limit in macopt; continuing.
Reached iteration limit in macopt; continuing.
Reached iteration limit in macopt; continuing.
Reached iteration limit in macopt; continuing.
Reached iteration limit in macopt; continuing.
Reached iteration limit in macopt; continuing.
Reached iteration limit in macopt; continuing.
Reached iteration limit in macopt; continuing.
Reached iteration limit in macopt; continuing.
Reached iteration limit in macopt; continuing.
Reached iteration limit in macopt; continuing.
Reached iteration limit in macopt; continuing.
Reached iteration limit in macopt; continuing.
Reached iteration limit in macopt; continuing.
cutoff 9.597056622908216
9: cell volume 1430.017603346347
9: elsu 6.48894159866
9: alpha 0.7705416860328232
8: cell volume 1430.017603346347
8: elsu 6.48894159866
8: alpha 0.7705416860328232
3: cell volume 1430.017603346347
3: elsu 6.48894159866
3: alpha 0.7705416860328232
15: cell volume 1430.017603346347
15: elsu 6.48894159866
15: alpha 0.7705416860328232
6: cell volume 1430.017603346347
6: elsu 6.48894159866
6: alpha 0.7705416860328232
14: cell volume 1430.017603346347
14: elsu 6.48894159866
14: alpha 0.7705416860328232
11: cell volume 1430.017603346347
11: elsu 6.48894159866
11: alpha 0.7705416860328232
2: cell volume 1430.017603346347
2: elsu 6.48894159866
2: alpha 0.7705416860328232
13: cell volume 1430.017603346347
13: elsu 6.48894159866
13: alpha 0.7705416860328232
4: cell volume 1430.017603346347
4: elsu 6.48894159866
4: alpha 0.7705416860328232
12: cell volume 1430.017603346347
12: elsu 6.48894159866
12: alpha 0.7705416860328232
 total centers 271
0: cell volume 1430.017603346347
**Warning** atom 4 is out of the simulation cell.  Putting it inside.
**Warning** atom 5 is out of the simulation cell.  Putting it inside.
**Warning** atom 6 is out of the simulation cell.  Putting it inside.
**Warning** atom 8 is out of the simulation cell.  Putting it inside.
**Warning** atom 10 is out of the simulation cell.  Putting it inside.
**Warning** atom 12 is out of the simulation cell.  Putting it inside.
**Warning** atom 13 is out of the simulation cell.  Putting it inside.
0: elsu 6.48894159866
0: alpha 0.7705416860328232
7: cell volume 1430.017603346347
7: elsu 6.48894159866
7: alpha 0.7705416860328232
5: cell volume 1430.017603346347
5: elsu 6.48894159866
5: alpha 0.7705416860328232
10: cell volume 1430.017603346347
10: elsu 6.48894159866
10: alpha 0.7705416860328232
1: cell volume 1430.017603346347
1: elsu 6.48894159866
1: alpha 0.7705416860328232
4: real space ion-ion 0.02582126279410084
4: reciprocal space ion 377.8070563016742
3: real space ion-ion 0.02582126279410084
3: reciprocal space ion 377.8070563016742
5: real space ion-ion 0.02582126279410084
5: reciprocal space ion 377.8070563016742
7: real space ion-ion 0.02582126279410084
4: wfdata allocate
6: real space ion-ion 0.02582126279410084
14: real space ion-ion 0.02582126279410084
14: reciprocal space ion 377.8070563016742
3: wfdata allocate
8: real space ion-ion 0.02582126279410084
7: reciprocal space ion 377.8070563016742
6: reciprocal space ion 377.8070563016742
1: real space ion-ion 0.02582126279410084
5: wfdata allocate
7: wfdata allocate
1: reciprocal space ion 377.8070563016742
14: wfdata allocate
9: real space ion-ion 0.02582126279410084
8: reciprocal space ion 377.8070563016742
Ewald sum using 2491 reciprocal points
10: real space ion-ion 0.02582126279410084
9: reciprocal space ion 377.8070563016742
6: wfdata allocate
1: wfdata allocate
0: real space ion-ion 0.02582126279410084
8: wfdata allocate
10: reciprocal space ion 377.8070563016742
9: wfdata allocate
0: reciprocal space ion 377.8070563016742
10: wfdata allocate
0: wfdata allocate
2: real space ion-ion 0.02582126279410084
2: reciprocal space ion 377.8070563016742
2: wfdata allocate
15: real space ion-ion 0.02582126279410084
15: reciprocal space ion 377.8070563016742
15: wfdata allocate
12: real space ion-ion 0.02582126279410084
11: real space ion-ion 0.02582126279410084
12: reciprocal space ion 377.8070563016742
11: reciprocal space ion 377.8070563016742
12: wfdata allocate
11: wfdata allocate
13: real space ion-ion 0.02582126279410084
13: reciprocal space ion 377.8070563016742
13: wfdata allocate
14: Timestep is 0.7449999999999998
3: Timestep is 0.7449999999999998
1: Timestep is 0.7449999999999998
8: Timestep is 0.7449999999999998
2: Timestep is 0.7449999999999998
4: Timestep is 0.7449999999999998
5: Timestep is 0.7449999999999998
12: Timestep is 0.7449999999999998
0: Timestep is 0.7449999999999998
11: Timestep is 0.7449999999999998
10: Timestep is 0.7449999999999998
13: Timestep is 0.7449999999999998
9: Timestep is 0.7449999999999998
7: Timestep is 0.7449999999999998
6: Timestep is 0.7449999999999998
15: Timestep is 0.7449999999999998
Setting step size to 0.00273

Setting step size to 0.00273

Setting step size to 0.00273

Setting step size to 0.00273

Setting step size to 0.00273

Setting step size to 0.00273

Setting step size to 0.00273

Setting step size to 0.00273

Setting step size to 0.00273

Setting step size to 0.00273

Setting step size to 0.00273

Setting step size to 0.00273

Setting step size to 0.00273

Setting step size to 0.00273

Setting step size to 0.00273

Setting step size to 0.00273

Setting step size to 0.00161

Setting step size to 0.00161

Setting step size to 0.00161

Setting step size to 0.00161

Setting step size to 0.00161

Setting step size to 0.00161

Setting step size to 0.00161

Setting step size to 0.00161

Setting step size to 0.00161

Setting step size to 0.00161

Setting step size to 0.00161

Setting step size to 0.00161

Setting step size to 0.00161

Setting step size to 0.00161

Setting step size to 0.00161

Setting step size to 0.00161

Setting step size to 0.0151

Setting step size to 0.0151

Setting step size to 0.0151

Setting step size to 0.0151

Setting step size to 0.0151

Setting step size to 0.0151

Setting step size to 0.0151

Setting step size to 0.0151

Setting step size to 0.0151

Setting step size to 0.0151

Setting step size to 0.0151

Setting step size to 0.0151

Setting step size to 0.0151

Setting step size to 0.0151

Setting step size to 0.0151

Setting step size to 0.0151

Setting step size to 0.0419

Setting step size to 0.0419

Setting step size to 0.0419

Setting step size to 0.0419

Setting step size to 0.0419

Setting step size to 0.0419

Setting step size to 0.0419

Setting step size to 0.0419

Setting step size to 0.0419

Setting step size to 0.0419

Setting step size to 0.0419

Setting step size to 0.0419

Setting step size to 0.0419

Setting step size to 0.0419

Setting step size to 0.0419

Setting step size to 0.0419

Setting step size to 0.000486

Setting step size to 0.000486

Setting step size to 0.000486

Setting step size to 0.000486

Setting step size to 0.000486

Setting step size to 0.000486

Setting step size to 0.000486

Setting step size to 0.000486

Setting step size to 0.000486

Setting step size to 0.000486

Setting step size to 0.000486

Setting step size to 0.000486

Setting step size to 0.000486

Setting step size to 0.000486

Setting step size to 0.000486

Setting step size to 0.000486

Setting step size to 0.00173

Setting step size to 0.00173

Setting step size to 0.00173

Setting step size to 0.00173

Setting step size to 0.00173

Setting step size to 0.00173

Setting step size to 0.00173

Setting step size to 0.00173

Setting step size to 0.00173

Setting step size to 0.00173

Setting step size to 0.00173

Setting step size to 0.00173

Setting step size to 0.00173

Setting step size to 0.00173

Setting step size to 0.00173

Setting step size to 0.00173

Setting step size to 0.00626

Setting step size to 0.00626

Setting step size to 0.00626

Setting step size to 0.00626

Setting step size to 0.00626

Setting step size to 0.00626

Setting step size to 0.00626

Setting step size to 0.00626

Setting step size to 0.00626

Setting step size to 0.00626

Setting step size to 0.00626

Setting step size to 0.00626

Setting step size to 0.00626

Setting step size to 0.00626

Setting step size to 0.00626

Setting step size to 0.00626

Setting step size to 0.000449

Setting step size to 0.000449

Setting step size to 0.000449

Setting step size to 0.000449

Setting step size to 0.000449

Setting step size to 0.000449

Setting step size to 0.000449

Setting step size to 0.000449

Setting step size to 0.000449

Setting step size to 0.000449

Setting step size to 0.000449

Setting step size to 0.000449

Setting step size to 0.000449

Setting step size to 0.000449

Setting step size to 0.000449

Setting step size to 0.000449

Setting step size to 0.00651

Setting step size to 0.00651

Setting step size to 0.00651

Setting step size to 0.00651

Setting step size to 0.00651

Setting step size to 0.00651

Setting step size to 0.00651

Setting step size to 0.00651

Setting step size to 0.00651

Setting step size to 0.00651

Setting step size to 0.00651

Setting step size to 0.00651

Setting step size to 0.00651

Setting step size to 0.00651

Setting step size to 0.00651

Setting step size to 0.00651

Reached iteration limit in macopt; continuing.
Reached iteration limit in macopt; continuing.
Reached iteration limit in macopt; continuing.
Reached iteration limit in macopt; continuing.
Reached iteration limit in macopt; continuing.
Reached iteration limit in macopt; continuing.
Reached iteration limit in macopt; continuing.
Reached iteration limit in macopt; continuing.
Reached iteration limit in macopt; continuing.
Reached iteration limit in macopt; continuing.
Reached iteration limit in macopt; continuing.
Reached iteration limit in macopt; continuing.
Reached iteration limit in macopt; continuing.
Reached iteration limit in macopt; continuing.
Reached iteration limit in macopt; continuing.
Reached iteration limit in macopt; continuing.
Setting step size to 0.00224

Setting step size to 0.00224

Setting step size to 0.00224

Setting step size to 0.00224

Setting step size to 0.00224

Setting step size to 0.00224

Setting step size to 0.00224

Setting step size to 0.00224

Setting step size to 0.00224

Setting step size to 0.00224

Setting step size to 0.00224

Setting step size to 0.00224

Setting step size to 0.00224

Setting step size to 0.00224

Setting step size to 0.00224

Setting step size to 0.00224

10: cell volume 1430.017603346347
10: elsu 6.48894159866
10: alpha 0.7705416860328232
7: cell volume 1430.017603346347
7: elsu 6.48894159866
7: alpha 0.7705416860328232
5: cell volume 1430.017603346347
5: elsu 6.48894159866
5: alpha 0.7705416860328232
2: cell volume 1430.017603346347
2: elsu 6.48894159866
2: alpha 0.7705416860328232
3: cell volume 1430.017603346347
3: elsu 6.48894159866
3: alpha 0.7705416860328232
1: cell volume 1430.017603346347
1: elsu 6.48894159866
1: alpha 0.7705416860328232
4: cell volume 1430.017603346347
4: elsu 6.48894159866
4: alpha 0.7705416860328232
12: cell volume 1430.017603346347
12: elsu 6.48894159866
12: alpha 0.7705416860328232
8: cell volume 1430.017603346347
8: elsu 6.48894159866
8: alpha 0.7705416860328232
cutoff 9.597056622908216
 total centers 271
0: cell volume 1430.017603346347
**Warning** atom 4 is out of the simulation cell.  Putting it inside.
**Warning** atom 5 is out of the simulation cell.  Putting it inside.
**Warning** atom 6 is out of the simulation cell.  Putting it inside.
**Warning** atom 8 is out of the simulation cell.  Putting it inside.
**Warning** atom 10 is out of the simulation cell.  Putting it inside.
**Warning** atom 12 is out of the simulation cell.  Putting it inside.
**Warning** atom 13 is out of the simulation cell.  Putting it inside.
0: elsu 6.48894159866
0: alpha 0.7705416860328232
9: cell volume 1430.017603346347
9: elsu 6.48894159866
9: alpha 0.7705416860328232
15: cell volume 1430.017603346347
15: elsu 6.48894159866
15: alpha 0.7705416860328232
13: cell volume 1430.017603346347
13: elsu 6.48894159866
13: alpha 0.7705416860328232
11: cell volume 1430.017603346347
11: elsu 6.48894159866
11: alpha 0.7705416860328232
14: cell volume 1430.017603346347
14: elsu 6.48894159866
14: alpha 0.7705416860328232
6: cell volume 1430.017603346347
6: elsu 6.48894159866
6: alpha 0.7705416860328232
8: real space ion-ion 0.02582126279410084
8: reciprocal space ion 377.8070563016742
15: real space ion-ion 0.02582126279410084
8: wfdata allocate
4: real space ion-ion 0.02582126279410084
15: reciprocal space ion 377.8070563016742
4: reciprocal space ion 377.8070563016742
3: real space ion-ion 0.02582126279410084
1: real space ion-ion 0.02582126279410084
9: real space ion-ion 0.02582126279410084
1: reciprocal space ion 377.8070563016742
14: real space ion-ion 0.02582126279410084
3: reciprocal space ion 377.8070563016742
15: wfdata allocate
Ewald sum using 2491 reciprocal points
9: reciprocal space ion 377.8070563016742
4: wfdata allocate
14: reciprocal space ion 377.8070563016742
0: real space ion-ion 0.02582126279410084
0: reciprocal space ion 377.8070563016742
3: wfdata allocate
13: real space ion-ion 0.02582126279410084
1: wfdata allocate
10: real space ion-ion 0.02582126279410084
6: real space ion-ion 0.02582126279410084
9: wfdata allocate
14: wfdata allocate
13: reciprocal space ion 377.8070563016742
10: reciprocal space ion 377.8070563016742
6: reciprocal space ion 377.8070563016742
13: wfdata allocate
0: wfdata allocate
10: wfdata allocate
6: wfdata allocate
2: real space ion-ion 0.02582126279410084
2: reciprocal space ion 377.8070563016742
5: real space ion-ion 0.02582126279410084
5: reciprocal space ion 377.8070563016742
2: wfdata allocate
5: wfdata allocate
11: real space ion-ion 0.02582126279410084
11: reciprocal space ion 377.8070563016742
11: wfdata allocate
12: real space ion-ion 0.02582126279410084
12: reciprocal space ion 377.8070563016742
7: real space ion-ion 0.02582126279410084
12: wfdata allocate
7: reciprocal space ion 377.8070563016742
7: wfdata allocate
7: Timestep is 0.7437499999999998
12: Timestep is 0.7437499999999998
2: Timestep is 0.7437499999999998
6: Timestep is 0.7437499999999998
0: Timestep is 0.7437499999999998
4: Timestep is 0.7437499999999998
8: Timestep is 0.7437499999999998
11: Timestep is 0.7437499999999998
10: Timestep is 0.7437499999999998
15: Timestep is 0.7437499999999998
9: Timestep is 0.7437499999999998
13: Timestep is 0.7437499999999998
3: Timestep is 0.7437499999999998
5: Timestep is 0.7437499999999998
14: Timestep is 0.7437499999999998
1: Timestep is 0.7437499999999998
Setting step size to 0.000823

Setting step size to 0.000823

Setting step size to 0.000823

Setting step size to 0.000823

Setting step size to 0.000823

Setting step size to 0.000823

Setting step size to 0.000823

Setting step size to 0.000823

Setting step size to 0.000823

Setting step size to 0.000823

Setting step size to 0.000823

Setting step size to 0.000823

Setting step size to 0.000823

Setting step size to 0.000823

Setting step size to 0.000823

Setting step size to 0.000823

Setting step size to 0.00165

Setting step size to 0.00165

Setting step size to 0.00165

Setting step size to 0.00165

Setting step size to 0.00165

Setting step size to 0.00165

Setting step size to 0.00165

Setting step size to 0.00165

Setting step size to 0.00165

Setting step size to 0.00165

Setting step size to 0.00165

Setting step size to 0.00165

Setting step size to 0.00165

Setting step size to 0.00165

Setting step size to 0.00165

Setting step size to 0.00165

Setting step size to 0.00466

Setting step size to 0.00466

Setting step size to 0.00466

Setting step size to 0.00466

Setting step size to 0.00466

Setting step size to 0.00466

Setting step size to 0.00466

Setting step size to 0.00466

Setting step size to 0.00466

Setting step size to 0.00466

Setting step size to 0.00466

Setting step size to 0.00466

Setting step size to 0.00466

Setting step size to 0.00466

Setting step size to 0.00466

Setting step size to 0.00466

Setting step size to 0.000816

Setting step size to 0.000816

Setting step size to 0.000816

Setting step size to 0.000816

Setting step size to 0.000816

Setting step size to 0.000816

Setting step size to 0.000816

Setting step size to 0.000816

Setting step size to 0.000816

Setting step size to 0.000816

Setting step size to 0.000816

Setting step size to 0.000816

Setting step size to 0.000816

Setting step size to 0.000816

Setting step size to 0.000816

Setting step size to 0.000816

Setting step size to 0.00482

Setting step size to 0.00482

Setting step size to 0.00482

Setting step size to 0.00482

Setting step size to 0.00482

Setting step size to 0.00482

Setting step size to 0.00482

Setting step size to 0.00482

Setting step size to 0.00482

Setting step size to 0.00482

Setting step size to 0.00482

Setting step size to 0.00482

Setting step size to 0.00482

Setting step size to 0.00482

Setting step size to 0.00482

Setting step size to 0.00482

Setting step size to 0.00132

Setting step size to 0.00132

Setting step size to 0.00132

Setting step size to 0.00132

Setting step size to 0.00132

Setting step size to 0.00132

Setting step size to 0.00132

Setting step size to 0.00132

Setting step size to 0.00132

Setting step size to 0.00132

Setting step size to 0.00132

Setting step size to 0.00132

Setting step size to 0.00132

Setting step size to 0.00132

Setting step size to 0.00132

Setting step size to 0.00132

Setting step size to 0.00634

Setting step size to 0.00634

Setting step size to 0.00634

Setting step size to 0.00634

Setting step size to 0.00634

Setting step size to 0.00634

Setting step size to 0.00634

Setting step size to 0.00634

Setting step size to 0.00634

Setting step size to 0.00634

Setting step size to 0.00634

Setting step size to 0.00634

Setting step size to 0.00634

Setting step size to 0.00634

Setting step size to 0.00634

Setting step size to 0.00634

Setting step size to 0.00132

Setting step size to 0.00132

Setting step size to 0.00132

Setting step size to 0.00132

Setting step size to 0.00132

Setting step size to 0.00132

Setting step size to 0.00132

Setting step size to 0.00132

Setting step size to 0.00132

Setting step size to 0.00132

Setting step size to 0.00132

Setting step size to 0.00132

Setting step size to 0.00132

Setting step size to 0.00132

Setting step size to 0.00132

Setting step size to 0.00132

Setting step size to 0.0147

Setting step size to 0.0147

Setting step size to 0.0147

Setting step size to 0.0147

Setting step size to 0.0147

Setting step size to 0.0147

Setting step size to 0.0147

Setting step size to 0.0147

Setting step size to 0.0147

Setting step size to 0.0147

Setting step size to 0.0147

Setting step size to 0.0147

Setting step size to 0.0147

Setting step size to 0.0147

Setting step size to 0.0147

Setting step size to 0.0147

Setting step size to 0.00154

Setting step size to 0.00154

Setting step size to 0.00154

Setting step size to 0.00154

Setting step size to 0.00154

Setting step size to 0.00154

Setting step size to 0.00154

Setting step size to 0.00154

Setting step size to 0.00154

Setting step size to 0.00154

Setting step size to 0.00154

Setting step size to 0.00154

Setting step size to 0.00154

Setting step size to 0.00154

Setting step size to 0.00154

Setting step size to 0.00154

Reached iteration limit in macopt; continuing.
Reached iteration limit in macopt; continuing.
Reached iteration limit in macopt; continuing.
Reached iteration limit in macopt; continuing.
Reached iteration limit in macopt; continuing.
Reached iteration limit in macopt; continuing.
Reached iteration limit in macopt; continuing.
Reached iteration limit in macopt; continuing.
Reached iteration limit in macopt; continuing.
Reached iteration limit in macopt; continuing.
Reached iteration limit in macopt; continuing.
Reached iteration limit in macopt; continuing.
Reached iteration limit in macopt; continuing.
Reached iteration limit in macopt; continuing.
Reached iteration limit in macopt; continuing.
Reached iteration limit in macopt; continuing.
