0: output to qwalk_000.var.o
cutoff 9.59706
 total centers 271
0: cell volume 1430.02
**Warning** atom 4 is out of the simulation cell.  Putting it inside.
**Warning** atom 5 is out of the simulation cell.  Putting it inside.
**Warning** atom 6 is out of the simulation cell.  Putting it inside.
**Warning** atom 8 is out of the simulation cell.  Putting it inside.
**Warning** atom 10 is out of the simulation cell.  Putting it inside.
**Warning** atom 12 is out of the simulation cell.  Putting it inside.
**Warning** atom 13 is out of the simulation cell.  Putting it inside.
0: elsu 6.48894
0: alpha 0.770542
7: cell volume 1430.02
7: elsu 6.48894
7: alpha 0.770542
1: cell volume 1430.02
1: elsu 6.48894
1: alpha 0.770542
2: cell volume 1430.02
2: elsu 6.48894
2: alpha 0.770542
3: cell volume 1430.02
3: elsu 6.48894
3: alpha 0.770542
5: cell volume 1430.02
5: elsu 6.48894
5: alpha 0.770542
6: cell volume 1430.02
6: elsu 6.48894
6: alpha 0.770542
8: cell volume 1430.02
8: elsu 6.48894
8: alpha 0.770542
9: cell volume 1430.02
9: elsu 6.48894
9: alpha 0.770542
10: cell volume 1430.02
10: elsu 6.48894
10: alpha 0.770542
11: cell volume 1430.02
11: elsu 6.48894
11: alpha 0.770542
12: cell volume 1430.02
12: elsu 6.48894
12: alpha 0.770542
13: cell volume 1430.02
13: elsu 6.48894
13: alpha 0.770542
14: cell volume 1430.02
14: elsu 6.48894
14: alpha 0.770542
15: cell volume 1430.02
15: elsu 6.48894
15: alpha 0.770542
4: cell volume 1430.02
4: elsu 6.48894
4: alpha 0.770542
11: real space ion-ion 0.0258213
10: real space ion-ion 0.0258213
11: reciprocal space ion 377.807
5: real space ion-ion 0.0258213
9: real space ion-ion 0.0258213
12: real space ion-ion 0.0258213
10: reciprocal space ion 377.807
1: real space ion-ion 0.0258213
13: real space ion-ion 0.0258213
12: reciprocal space ion 377.807
11: wfdata allocate
5: reciprocal space ion 377.807
9: reciprocal space ion 377.807
10: wfdata allocate
13: reciprocal space ion 377.807
1: reciprocal space ion 377.807
Ewald sum using 2491 reciprocal points
9: wfdata allocate
15: real space ion-ion 0.0258213
12: wfdata allocate
5: wfdata allocate
0: real space ion-ion 0.0258213
7: real space ion-ion 0.0258213
13: wfdata allocate
15: reciprocal space ion 377.807
0: reciprocal space ion 377.807
1: wfdata allocate
7: reciprocal space ion 377.807
15: wfdata allocate
0: wfdata allocate
8: real space ion-ion 0.0258213
7: wfdata allocate
8: reciprocal space ion 377.807
2: real space ion-ion 0.0258213
14: real space ion-ion 0.0258213
2: reciprocal space ion 377.807
8: wfdata allocate
14: reciprocal space ion 377.807
2: wfdata allocate
14: wfdata allocate
6: real space ion-ion 0.0258213
4: real space ion-ion 0.0258213
6: reciprocal space ion 377.807
4: reciprocal space ion 377.807
6: wfdata allocate
4: wfdata allocate
3: real space ion-ion 0.0258213
3: reciprocal space ion 377.807
3: wfdata allocate
12: Timestep is 0.7537499999999998
1: Timestep is 0.7537499999999998
8: Timestep is 0.7537499999999998
3: Timestep is 0.7537499999999998
7: Timestep is 0.7537499999999998
5: Timestep is 0.7537499999999998
2: Timestep is 0.7537499999999998
9: Timestep is 0.7537499999999998
4: Timestep is 0.7537499999999998
13: Timestep is 0.7537499999999998
15: Timestep is 0.7537499999999998
14: Timestep is 0.7537499999999998
0: Timestep is 0.7537499999999998
11: Timestep is 0.7537499999999998
10: Timestep is 0.7537499999999998
6: Timestep is 0.7537499999999998
Setting step size to 0.00181

Setting step size to 0.00181

Setting step size to 0.00181

Setting step size to 0.00181

Setting step size to 0.00181

Setting step size to 0.00181

Setting step size to 0.00181

Setting step size to 0.00181

Setting step size to 0.00181

Setting step size to 0.00181

Setting step size to 0.00181

Setting step size to 0.00181

Setting step size to 0.00181

Setting step size to 0.00181

Setting step size to 0.00181

Setting step size to 0.00181

Setting step size to 0.0138

Setting step size to 0.0138

Setting step size to 0.0138

Setting step size to 0.0138

Setting step size to 0.0138

Setting step size to 0.0138

Setting step size to 0.0138

Setting step size to 0.0138

Setting step size to 0.0138

Setting step size to 0.0138

Setting step size to 0.0138

Setting step size to 0.0138

Setting step size to 0.0138

Setting step size to 0.0138

Setting step size to 0.0138

Setting step size to 0.0138

Setting step size to 0.00832

Setting step size to 0.00832

Setting step size to 0.00832

Setting step size to 0.00832

Setting step size to 0.00832

Setting step size to 0.00832

Setting step size to 0.00832

Setting step size to 0.00832

Setting step size to 0.00832

Setting step size to 0.00832

Setting step size to 0.00832

Setting step size to 0.00832

Setting step size to 0.00832

Setting step size to 0.00832

Setting step size to 0.00832

Setting step size to 0.00832

Setting step size to 0.00902

Setting step size to 0.00902

Setting step size to 0.00902

Setting step size to 0.00902

Setting step size to 0.00902

Setting step size to 0.00902

Setting step size to 0.00902

Setting step size to 0.00902

Setting step size to 0.00902

Setting step size to 0.00902

Setting step size to 0.00902

Setting step size to 0.00902

Setting step size to 0.00902

Setting step size to 0.00902

Setting step size to 0.00902

Setting step size to 0.00902

Setting step size to 0.000455

Setting step size to 0.000455

Setting step size to 0.000455

Setting step size to 0.000455

Setting step size to 0.000455

Setting step size to 0.000455

Setting step size to 0.000455

Setting step size to 0.000455

Setting step size to 0.000455

Setting step size to 0.000455

Setting step size to 0.000455

Setting step size to 0.000455

Setting step size to 0.000455

Setting step size to 0.000455

Setting step size to 0.000455

Setting step size to 0.000455

Setting step size to 0.000939

Setting step size to 0.000939

Setting step size to 0.000939

Setting step size to 0.000939

Setting step size to 0.000939

Setting step size to 0.000939

Setting step size to 0.000939

Setting step size to 0.000939

Setting step size to 0.000939

Setting step size to 0.000939

Setting step size to 0.000939

Setting step size to 0.000939

Setting step size to 0.000939

Setting step size to 0.000939

Setting step size to 0.000939

Setting step size to 0.000939

Setting step size to 0.0234

Setting step size to 0.0234

Setting step size to 0.0234

Setting step size to 0.0234

Setting step size to 0.0234

Setting step size to 0.0234

Setting step size to 0.0234

Setting step size to 0.0234

Setting step size to 0.0234

Setting step size to 0.0234

Setting step size to 0.0234

Setting step size to 0.0234

Setting step size to 0.0234

Setting step size to 0.0234

Setting step size to 0.0234

Setting step size to 0.0234

Setting step size to 0.000899

Setting step size to 0.000899

Setting step size to 0.000899

Setting step size to 0.000899

Setting step size to 0.000899

Setting step size to 0.000899

Setting step size to 0.000899

Setting step size to 0.000899

Setting step size to 0.000899

Setting step size to 0.000899

Setting step size to 0.000899

Setting step size to 0.000899

Setting step size to 0.000899

Setting step size to 0.000899

Setting step size to 0.000899

Setting step size to 0.000899

Setting step size to 0.0116

Setting step size to 0.0116

Setting step size to 0.0116

Setting step size to 0.0116

Setting step size to 0.0116

Setting step size to 0.0116

Setting step size to 0.0116

Setting step size to 0.0116

Setting step size to 0.0116

Setting step size to 0.0116

Setting step size to 0.0116

Setting step size to 0.0116

Setting step size to 0.0116

Setting step size to 0.0116

Setting step size to 0.0116

Setting step size to 0.0116

Setting step size to 0.00262

Setting step size to 0.00262

Setting step size to 0.00262

Setting step size to 0.00262

Setting step size to 0.00262

Setting step size to 0.00262

Setting step size to 0.00262

Setting step size to 0.00262

Setting step size to 0.00262

Setting step size to 0.00262

Setting step size to 0.00262

Setting step size to 0.00262

Setting step size to 0.00262

Setting step size to 0.00262

Setting step size to 0.00262

Setting step size to 0.00262

Reached iteration limit in macopt; continuing.
Reached iteration limit in macopt; continuing.
Reached iteration limit in macopt; continuing.
Reached iteration limit in macopt; continuing.
Reached iteration limit in macopt; continuing.
Reached iteration limit in macopt; continuing.
Reached iteration limit in macopt; continuing.
Reached iteration limit in macopt; continuing.
Reached iteration limit in macopt; continuing.
Reached iteration limit in macopt; continuing.
Reached iteration limit in macopt; continuing.
Reached iteration limit in macopt; continuing.
Reached iteration limit in macopt; continuing.
Reached iteration limit in macopt; continuing.
Reached iteration limit in macopt; continuing.
Reached iteration limit in macopt; continuing.
