--------------------------------------------------------------------------
[[62948,1],1]: A high-performance Open MPI point-to-point messaging module
was unable to find any relevant network interfaces:

Module: OpenFabrics (openib)
  Host: golub051

Another transport will be used instead, although this may result in
lower performance.
--------------------------------------------------------------------------
0: output to qwalk_000_ct.linear.o
12: cell volume 1430.02
12: elsu 6.48894
12: alpha 0.770542
2: cell volume 1430.02
2: elsu 6.48894
2: alpha 0.770542
5: cell volume 1430.02
5: elsu 6.48894
5: alpha 0.770542
6: cell volume 1430.02
6: elsu 6.48894
6: alpha 0.770542
7: cell volume 1430.02
7: elsu 6.48894
7: alpha 0.770542
8: cell volume 1430.02
8: elsu 6.48894
8: alpha 0.770542
9: cell volume 1430.02
9: elsu 6.48894
9: alpha 0.770542
10: cell volume 1430.02
10: elsu 6.48894
10: alpha 0.770542
11: cell volume 1430.02
11: elsu 6.48894
11: alpha 0.770542
14: cell volume 1430.02
14: elsu 6.48894
14: alpha 0.770542
15: cell volume 1430.02
15: elsu 6.48894
15: alpha 0.770542
1: cell volume 1430.02
1: elsu 6.48894
1: alpha 0.770542
3: cell volume 1430.02
3: elsu 6.48894
3: alpha 0.770542
4: cell volume 1430.02
4: elsu 6.48894
4: alpha 0.770542
13: cell volume 1430.02
13: elsu 6.48894
13: alpha 0.770542
cutoff 9.59706
 total centers 271
0: cell volume 1430.02
**Warning** atom 4 is out of the simulation cell.  Putting it inside.
**Warning** atom 5 is out of the simulation cell.  Putting it inside.
**Warning** atom 6 is out of the simulation cell.  Putting it inside.
**Warning** atom 8 is out of the simulation cell.  Putting it inside.
**Warning** atom 10 is out of the simulation cell.  Putting it inside.
**Warning** atom 12 is out of the simulation cell.  Putting it inside.
**Warning** atom 13 is out of the simulation cell.  Putting it inside.
0: elsu 6.48894
0: alpha 0.770542
13: real space ion-ion 0.0258213
15: real space ion-ion 0.0258213
6: real space ion-ion 0.0258213
11: real space ion-ion 0.0258213
13: reciprocal space ion 377.807
3: real space ion-ion 0.0258213
5: real space ion-ion 0.0258213
6: reciprocal space ion 377.807
11: reciprocal space ion 377.807
2: real space ion-ion 0.0258213
3: reciprocal space ion 377.807
15: reciprocal space ion 377.807
4: real space ion-ion 0.0258213
1: real space ion-ion 0.0258213
8: real space ion-ion 0.0258213
5: reciprocal space ion 377.807
2: reciprocal space ion 377.807
4: reciprocal space ion 377.807
1: reciprocal space ion 377.807
10: real space ion-ion 0.0258213
8: reciprocal space ion 377.807
14: real space ion-ion 0.0258213
10: reciprocal space ion 377.807
9: real space ion-ion 0.0258213
14: reciprocal space ion 377.807
9: reciprocal space ion 377.807
7: real space ion-ion 0.0258213
7: reciprocal space ion 377.807
12: real space ion-ion 0.0258213
12: reciprocal space ion 377.807
Ewald sum using 2491 reciprocal points
0: real space ion-ion 0.0258213
0: reciprocal space ion 377.807
Could not open qwalk_000_ct.linear.config. Generating configurations from scratch
[golub051:33465] 15 more processes have sent help message help-mpi-btl-base.txt / btl:no-nics
[golub051:33465] Set MCA parameter "orte_base_help_aggregate" to 0 to see all help / error messages
0: Timestep is 0.42125
6: Timestep is 0.42125
7: Timestep is 0.42125
2: Timestep is 0.42125
13: Timestep is 0.42125
11: Timestep is 0.42125
5: Timestep is 0.42125
3: Timestep is 0.42125
9: Timestep is 0.42125
4: Timestep is 0.42125
10: Timestep is 0.42125
1: Timestep is 0.42125
12: Timestep is 0.42125
15: Timestep is 0.42125
14: Timestep is 0.42125
8: Timestep is 0.42125
1: Write took 0 seconds
1: Write took 0 seconds
1: Write took 0 seconds
1: Write took 0 seconds
1: Write took 0 seconds
